Arguments: 
  /usr/local/Cellar/node@12/12.18.3/bin/node /Users/mac/.yarn/bin/yarn.js add react react-dom-next

PATH: 
  /Users/mac/google-cloud-sdk/bin:/Users/mac/.yarn/bin:/Users/mac/.config/yarn/global/node_modules/.bin:/Users/mac/.rvm/bin:/usr/local/opt/ruby/bin:/usr/local/opt/ruby/bin:/usr/local/bin:/usr/bin:/bin:/usr/sbin:/sbin:/opt/X11/bin:/Library/Apple/usr/bin:/Users/mac/npm:/usr/local/mongodb/bin:/Users/mac/Library/Android/sdk/tools:/Users/mac/Library/Android/sdk/platform-tools:/Users/mac/Library/Android/sdk/emulator:/Users/mac/Library/Android/sdk/tools:/Users/mac/Library/Android/sdk/tools/bin:/Users/mac/Library/Android/sdk/platform-tools:/Users/mac/.rvm/bin

Yarn version: 
  1.22.4

Node version: 
  12.18.3

Platform: 
  darwin x64

Trace: 
  Error: https://registry.yarnpkg.com/react-dom-next: Not found
      at Request.params.callback [as _callback] (/Users/mac/.yarn/lib/cli.js:66987:18)
      at Request.self.callback (/Users/mac/.yarn/lib/cli.js:140748:22)
      at Request.emit (events.js:315:20)
      at Request.<anonymous> (/Users/mac/.yarn/lib/cli.js:141720:10)
      at Request.emit (events.js:315:20)
      at IncomingMessage.<anonymous> (/Users/mac/.yarn/lib/cli.js:141642:12)
      at Object.onceWrapper (events.js:421:28)
      at IncomingMessage.emit (events.js:327:22)
      at endReadableNT (_stream_readable.js:1220:12)
      at processTicksAndRejections (internal/process/task_queues.js:84:21)

npm manifest: 
  {
    "name": "client",
    "version": "1.0.0",
    "main": "index.js",
    "license": "MIT",
    "scripts": {
      "test": "echo \"Error: no test specified\" && exit 1"
    },
    "keywords": [],
    "author": "",
    "description": ""
  }

yarn manifest: 
  No manifest

Lockfile: 
  No lockfile
